05:24:39 PM: DEBUG [logger_base.py:15] Mensaje a nivel de debug
05:24:39 PM: INFO [logger_base.py:16] Mensaje a nivel de info
05:24:39 PM: WARNING [logger_base.py:17] Mensaje a nivel de warning
05:24:39 PM: ERROR [logger_base.py:18] Mensaje a nivel de error
05:24:39 PM: CRITICAL [logger_base.py:19] Mensaje a nivel de critical
05:52:36 PM: DEBUG [logger_base.py:15] Mensaje a nivel de debug
05:52:36 PM: INFO [logger_base.py:16] Mensaje a nivel de info
05:52:36 PM: WARNING [logger_base.py:17] Mensaje a nivel de warning
05:52:36 PM: ERROR [logger_base.py:18] Mensaje a nivel de error
05:52:36 PM: CRITICAL [logger_base.py:19] Mensaje a nivel de critical
05:54:55 PM: DEBUG [Persona.py:55] 
            id_persona: 1
            nombre: Juan
            apellido: Perez
            email: jperez@mail.com
        
05:57:41 PM: DEBUG [Persona.py:56] 
            id_persona: 1
            nombre: Juan
            apellido: Perez
            email: jperez@mail.com
        
05:59:01 PM: DEBUG [Persona.py:56] 
            id_persona: 1
            nombre: Juan
            apellido: Perez
            email: jperez@mail.com
        
06:00:11 PM: DEBUG [Persona.py:56] 
            id_persona: 1
            nombre: Juan
            apellido: Perez
            email: jperez@mail.com
        
06:00:32 PM: DEBUG [Persona.py:56] 
            id_persona: 1
            nombre: Juan
            apellido: Perez
            email: jperez@mail.com
        
06:00:32 PM: DEBUG [Persona.py:58] 
            id_persona: None
            nombre: Jose
            apellido: Lepez
            email: ljose@mail.com
        
06:01:58 PM: DEBUG [Persona.py:56] 
            id_persona: 1
            nombre: Juan
            apellido: Perez
            email: jperez@mail.com
        
06:01:58 PM: DEBUG [Persona.py:58] 
            id_persona: None
            nombre: Jose
            apellido: Lepez
            email: ljose@mail.com
        
06:01:58 PM: DEBUG [Persona.py:60] 
            id_persona: 1
            nombre: None
            apellido: None
            email: None
        
06:16:55 PM: DEBUG [Persona.py:56] 
            id_persona: 1
            nombre: Juan
            apellido: Perez
            email: jperez@mail.com
        
06:16:55 PM: DEBUG [Persona.py:58] 
            id_persona: None
            nombre: Jose
            apellido: Lepez
            email: ljose@mail.com
        
06:16:55 PM: DEBUG [Persona.py:60] 
            id_persona: 1
            nombre: None
            apellido: None
            email: None
        
06:17:03 PM: DEBUG [Persona.py:56] 
            id_persona: 1
            nombre: Juan
            apellido: Perez
            email: jperez@mail.com
        
06:17:03 PM: DEBUG [Persona.py:58] 
            id_persona: None
            nombre: Jose
            apellido: Lepez
            email: ljose@mail.com
        
06:17:03 PM: DEBUG [Persona.py:60] 
            id_persona: 1
            nombre: None
            apellido: None
            email: None
        
06:17:44 PM: DEBUG [conexion.py:26] Conexión exitosa: <connection object at 0x0000029F89AC3340; dsn: 'user=postgres password=xxx dbname=test_bd host=127.0.0.1 port=5432', closed: 0>
06:17:44 PM: DEBUG [conexion.py:39] Se abrió el cursor exitosamente: <cursor object at 0x0000029F8A4E3840; closed: 0>
06:18:57 PM: ERROR [conexion.py:29] Error al conectar a la BD: connection to server at "127.0.0.1", port 5432 failed: FATAL:  password authentication failed for user "postgre"

06:19:49 PM: DEBUG [conexion.py:26] Conexión exitosa: <connection object at 0x0000028D3B8E3340; dsn: 'user=postgres password=xxx dbname=test_bd host=127.0.0.1 port=5432', closed: 0>
06:19:49 PM: DEBUG [conexion.py:39] Se abrió el cursor exitosamente: <cursor object at 0x0000028D3C283840; closed: 0>
